0 info it worked if it ends with ok
1 verbose cli [ 'node', '/usr/local/bin/npm', 'install', 'libcurl4-gnutls-dev' ]
2 info using npm@1.2.10
3 info using node@v0.8.19
4 verbose read json /Users/srivid/myProjects/myWorld/repository/MyWorldNodeJS/package.json
5 verbose read json /Users/srivid/myProjects/myWorld/repository/MyWorldNodeJS/node_modules/node-curl/package.json
6 verbose read json /Users/srivid/myProjects/myWorld/repository/MyWorldNodeJS/package.json
7 verbose cache add [ 'libcurl4-gnutls-dev', null ]
8 verbose cache add name=undefined spec="libcurl4-gnutls-dev" args=["libcurl4-gnutls-dev",null]
9 verbose parsed url { pathname: 'libcurl4-gnutls-dev',
9 verbose parsed url   path: 'libcurl4-gnutls-dev',
9 verbose parsed url   href: 'libcurl4-gnutls-dev' }
10 silly lockFile 1b76cbd4-libcurl4-gnutls-dev libcurl4-gnutls-dev
11 verbose lock libcurl4-gnutls-dev /Users/srivid/.npm/1b76cbd4-libcurl4-gnutls-dev.lock
12 silly lockFile 1b76cbd4-libcurl4-gnutls-dev libcurl4-gnutls-dev
13 silly lockFile 1b76cbd4-libcurl4-gnutls-dev libcurl4-gnutls-dev
14 verbose addNamed [ 'libcurl4-gnutls-dev', '' ]
15 verbose addNamed [ null, '' ]
16 silly lockFile 0f3e55fb-libcurl4-gnutls-dev libcurl4-gnutls-dev@
17 verbose lock libcurl4-gnutls-dev@ /Users/srivid/.npm/0f3e55fb-libcurl4-gnutls-dev.lock
18 silly addNameRange { name: 'libcurl4-gnutls-dev', range: '', hasData: false }
19 verbose url raw libcurl4-gnutls-dev
20 verbose url resolving [ 'https://registry.npmjs.org/', './libcurl4-gnutls-dev' ]
21 verbose url resolved https://registry.npmjs.org/libcurl4-gnutls-dev
22 info trying registry request attempt 1 at 21:20:36
23 http GET https://registry.npmjs.org/libcurl4-gnutls-dev
24 http 404 https://registry.npmjs.org/libcurl4-gnutls-dev
25 silly registry.get cb [ 404,
25 silly registry.get   { server: 'CouchDB/1.2.1 (Erlang OTP/R15B03)',
25 silly registry.get     date: 'Mon, 18 Feb 2013 15:48:59 GMT',
25 silly registry.get     'content-type': 'application/json',
25 silly registry.get     'content-length': '52',
25 silly registry.get     'cache-control': 'must-revalidate' } ]
26 silly lockFile 0f3e55fb-libcurl4-gnutls-dev libcurl4-gnutls-dev@
27 silly lockFile 0f3e55fb-libcurl4-gnutls-dev libcurl4-gnutls-dev@
28 error 404 'libcurl4-gnutls-dev' is not in the npm registry.
28 error 404 You should bug the author to publish it
28 error 404
28 error 404 Note that you can also install from a
28 error 404 tarball, folder, or http url, or git url.
29 error System Darwin 11.3.0
30 error command "node" "/usr/local/bin/npm" "install" "libcurl4-gnutls-dev"
31 error cwd /Users/srivid/myProjects/myWorld/repository/MyWorldNodeJS
32 error node -v v0.8.19
33 error npm -v 1.2.10
34 error code E404
35 verbose exit [ 1, true ]
